=== Started 2020-05-18T17-25-05-405 ===
[INFO ][17:25:05] 418 bad words loaded
[WARN ][17:25:05] User account "Local Administrator" disabled
[WARN ][17:25:05] User account "Local Moderator" disabled
[WARN ][17:25:05] User account "Local User" disabled
[INFO ][17:25:05] 0 user records loaded.
[WARN ][17:25:05] ../src/ipbanlist.txt is missing.
[INFO ][17:25:05] [1m[32mMultiOgar-Edited 1.6.1[37m - An open source multi-protocol ogar server[0m
[INFO ][17:25:05] WebSocket: ws
[INFO ][17:25:05] Started stats server on port 88
[INFO ][17:25:05] Listening on port 443
[INFO ][17:25:05] Current game mode is Free For All
[NONE ][17:25:05]   __  __       _ _   _  ___                        _____    _ _ _           _    _   __    _ 
 |  \/  |_   _| | |_(_)/ _ \  __ _  __ _ _ __     | ____|__| (_) |_ ___  __| |  / | / /_  / |
 | |\/| | | | | | __| | | | |/ _` |/ _` | '__|____|  _| / _` | | __/ _ \/ _` |  | || '_ \ | |
 | |  | | |_| | | |_| | |_| | (_| | (_| | | |_____| |__| (_| | | ||  __/ (_| |  | || (_) || |
 |_|  |_|\__,_|_|\__|_|\___/ \__, |\__,_|_|       |_____\__,_|_|\__\___|\__,_|  |_(_)___(_)_|
                             |___/                                                           
[NONE ][17:25:14] CONNECTED 127.0.0.1:58181, origin: "http://test123123f.zzz.com.ua"
[NONE ][17:25:21] >minion 1 1000
[NONE ][17:25:21] Added 1000 minions for wdqd$wizard
