=== Started 2020-05-18T13-03-24-047 ===
[INFO ][13:03:24] 418 bad words loaded
[WARN ][13:03:24] User account "Local Administrator" disabled
[WARN ][13:03:24] User account "Local Moderator" disabled
[WARN ][13:03:24] User account "Local User" disabled
[INFO ][13:03:24] 0 user records loaded.
[WARN ][13:03:24] ../src/ipbanlist.txt is missing.
[INFO ][13:03:24] [1m[32mMultiOgar-Edited 1.6.1[37m - An open source multi-protocol ogar server[0m
[INFO ][13:03:24] WebSocket: ws
[INFO ][13:03:24] Started stats server on port 88
[INFO ][13:03:24] Listening on port 443
[INFO ][13:03:24] Current game mode is Free For All
[NONE ][13:03:24]   __  __       _ _   _  ___                        _____    _ _ _           _    _   __    _ 
 |  \/  |_   _| | |_(_)/ _ \  __ _  __ _ _ __     | ____|__| (_) |_ ___  __| |  / | / /_  / |
 | |\/| | | | | | __| | | | |/ _` |/ _` | '__|____|  _| / _` | | __/ _ \/ _` |  | || '_ \ | |
 | |  | | |_| | | |_| | |_| | (_| | (_| | | |_____| |__| (_| | | ||  __/ (_| |  | || (_) || |
 |_|  |_|\__,_|_|\__|_|\___/ \__, |\__,_|_|       |_____\__,_|_|\__\___|\__,_|  |_(_)___(_)_|
                             |___/                                                           
[NONE ][13:03:24] CONNECTED 127.0.0.1:53419, origin: "http://test123123f.zzz.com.ua"
[NONE ][13:03:33] DISCONNECTED 127.0.0.1:53419, code: 1005, reason: "", name: ""
[NONE ][13:03:34] CONNECTED 127.0.0.1:53421, origin: "http://test123123f.zzz.com.ua"
