=== Started 2020-05-18T13-04-34-828 ===
[INFO ][13:04:34] 418 bad words loaded
[WARN ][13:04:34] User account "Local Administrator" disabled
[WARN ][13:04:34] User account "Local Moderator" disabled
[WARN ][13:04:34] User account "Local User" disabled
[INFO ][13:04:34] 0 user records loaded.
[WARN ][13:04:34] ../src/ipbanlist.txt is missing.
[INFO ][13:04:34] [1m[32mMultiOgar-Edited 1.6.1[37m - An open source multi-protocol ogar server[0m
[INFO ][13:04:34] WebSocket: ws
[INFO ][13:04:34] Started stats server on port 88
[INFO ][13:04:34] Listening on port 443
[INFO ][13:04:34] Current game mode is Free For All
[NONE ][13:04:34]   __  __       _ _   _  ___                        _____    _ _ _           _    _   __    _ 
 |  \/  |_   _| | |_(_)/ _ \  __ _  __ _ _ __     | ____|__| (_) |_ ___  __| |  / | / /_  / |
 | |\/| | | | | | __| | | | |/ _` |/ _` | '__|____|  _| / _` | | __/ _ \/ _` |  | || '_ \ | |
 | |  | | |_| | | |_| | |_| | (_| | (_| | | |_____| |__| (_| | | ||  __/ (_| |  | || (_) || |
 |_|  |_|\__,_|_|\__|_|\___/ \__, |\__,_|_|       |_____\__,_|_|\__\___|\__,_|  |_(_)___(_)_|
                             |___/                                                           
[NONE ][13:04:35] CONNECTED 127.0.0.1:53439, origin: "http://test123123f.zzz.com.ua"
[NONE ][13:04:38] DISCONNECTED 127.0.0.1:53439, code: 1001, reason: "", name: ""
[NONE ][13:04:40] CONNECTED 127.0.0.1:53453, origin: "http://test123123f.zzz.com.ua"
[NONE ][13:04:52] >minion 1 100
[NONE ][13:04:57] >playerlist
[NONE ][13:04:57] 
Current players: 1
[NONE ][13:04:57] Do "playerlist m" or "pl m" to list minions

[NONE ][13:04:57]  ID     | IP              | P | CELLS | SCORE  |   POSITION   | NICK            
[NONE ][13:04:57] ────────────────────────────────────────────────────────────────────────────────
[NONE ][13:04:57]       2 | 127.0.0.1       | 5 |     1 |      0 | -2739,  7070 | An unnamed cell
[NONE ][13:05:02] >minion 2 200
[NONE ][13:05:02] Added 200 minions for An unnamed cell
