=== Started 2020-05-18T13-12-34-284 ===
[INFO ][13:12:34] 418 bad words loaded
[WARN ][13:12:34] User account "Local Administrator" disabled
[WARN ][13:12:34] User account "Local Moderator" disabled
[WARN ][13:12:34] User account "Local User" disabled
[INFO ][13:12:34] 0 user records loaded.
[WARN ][13:12:34] ../src/ipbanlist.txt is missing.
[INFO ][13:12:34] [1m[32mMultiOgar-Edited 1.6.1[37m - An open source multi-protocol ogar server[0m
[INFO ][13:12:34] WebSocket: ws
[INFO ][13:12:34] Started stats server on port 88
[INFO ][13:12:34] Listening on port 443
[INFO ][13:12:34] Current game mode is Free For All
[NONE ][13:12:34]   __  __       _ _   _  ___                        _____    _ _ _           _    _   __    _ 
 |  \/  |_   _| | |_(_)/ _ \  __ _  __ _ _ __     | ____|__| (_) |_ ___  __| |  / | / /_  / |
 | |\/| | | | | | __| | | | |/ _` |/ _` | '__|____|  _| / _` | | __/ _ \/ _` |  | || '_ \ | |
 | |  | | |_| | | |_| | |_| | (_| | (_| | | |_____| |__| (_| | | ||  __/ (_| |  | || (_) || |
 |_|  |_|\__,_|_|\__|_|\___/ \__, |\__,_|_|       |_____\__,_|_|\__\___|\__,_|  |_(_)___(_)_|
                             |___/                                                           
[NONE ][13:12:37] CONNECTED 127.0.0.1:53623, origin: "http://test123123f.zzz.com.ua"
[NONE ][13:12:37] CONNECTED 127.0.0.1:53624, origin: "http://test123123f.zzz.com.ua"
[NONE ][13:15:37] DISCONNECTED 127.0.0.1:53624, code: 1006, reason: "", name: "wdqd$crown"
