=== Started 2020-05-18T14-06-45-736 ===
[INFO ][14:06:45] 418 bad words loaded
[WARN ][14:06:45] User account "Local Administrator" disabled
[WARN ][14:06:45] User account "Local Moderator" disabled
[WARN ][14:06:45] User account "Local User" disabled
[INFO ][14:06:45] 0 user records loaded.
[WARN ][14:06:45] ../src/ipbanlist.txt is missing.
[INFO ][14:06:45] [1m[32mMultiOgar-Edited 1.6.1[37m - An open source multi-protocol ogar server[0m
[INFO ][14:06:45] WebSocket: ws
[INFO ][14:06:45] Started stats server on port 88
[INFO ][14:06:45] Listening on port 443
[INFO ][14:06:45] Current game mode is Free For All
[NONE ][14:06:45]   __  __       _ _   _  ___                        _____    _ _ _           _    _   __    _ 
 |  \/  |_   _| | |_(_)/ _ \  __ _  __ _ _ __     | ____|__| (_) |_ ___  __| |  / | / /_  / |
 | |\/| | | | | | __| | | | |/ _` |/ _` | '__|____|  _| / _` | | __/ _ \/ _` |  | || '_ \ | |
 | |  | | |_| | | |_| | |_| | (_| | (_| | | |_____| |__| (_| | | ||  __/ (_| |  | || (_) || |
 |_|  |_|\__,_|_|\__|_|\___/ \__, |\__,_|_|       |_____\__,_|_|\__\___|\__,_|  |_(_)___(_)_|
                             |___/                                                           
[NONE ][14:06:45] CONNECTED 127.0.0.1:54507, origin: "http://test123123f.zzz.com.ua"
[NONE ][14:06:48] DISCONNECTED 127.0.0.1:54507, code: 1005, reason: "", name: ""
[NONE ][14:07:08] CONNECTED 127.0.0.1:54525, origin: "http://test123123f.zzz.com.ua"
[NONE ][14:09:26] >playerlist
[NONE ][14:09:26] 
Current players: 1
[NONE ][14:09:26] Do "playerlist m" or "pl m" to list minions

[NONE ][14:09:26]  ID     | IP              | P | CELLS | SCORE  |   POSITION   | NICK            
[NONE ][14:09:26] ────────────────────────────────────────────────────────────────────────────────
[NONE ][14:09:26]       2 | 127.0.0.1       | 5 |    22 |   1378 |    66,  -263 | wdqd$wizard    
[NONE ][14:09:31] >mn 2 1000
[NONE ][14:09:31] Added 1000 minions for wdqd$wizard
